[2026-03-31T15:36:13.164+0000] {manager.py:470} INFO - Processing files using up to 2 processes at a time 
[2026-03-31T15:36:13.166+0000] {manager.py:471} INFO - Process each file at most once every 30 seconds
[2026-03-31T15:36:13.169+0000] {manager.py:472} INFO - Checking for new files in /opt/airflow/dags every 300 seconds
[2026-03-31T15:36:13.172+0000] {manager.py:737} INFO - Searching for files in /opt/airflow/dags
[2026-03-31T15:36:13.200+0000] {manager.py:740} INFO - There are 1 files in /opt/airflow/dags
[2026-03-31T15:36:13.451+0000] {manager.py:878} INFO - 
================================================================================
DAG File Processing Stats

File Path                                PID  Runtime      # DAGs    # Errors  Last Runtime    Last Run
-------------------------------------  -----  ---------  --------  ----------  --------------  ----------
/opt/airflow/dags/pokemon_pipeline.py    172  0.10s             0           0
================================================================================
[2026-03-31T15:36:43.693+0000] {manager.py:878} INFO - 
================================================================================
DAG File Processing Stats

File Path                              PID    Runtime      # DAGs    # Errors  Last Runtime    Last Run
-------------------------------------  -----  ---------  --------  ----------  --------------  -------------------
/opt/airflow/dags/pokemon_pipeline.py                           1           0  0.96s           2026-03-31T15:36:14
================================================================================
[2026-03-31T15:37:14.109+0000] {manager.py:878} INFO - 
================================================================================
DAG File Processing Stats

File Path                              PID    Runtime      # DAGs    # Errors  Last Runtime    Last Run
-------------------------------------  -----  ---------  --------  ----------  --------------  -------------------
/opt/airflow/dags/pokemon_pipeline.py                           1           0  0.39s           2026-03-31T15:36:45
================================================================================
[2026-03-31T15:37:44.765+0000] {manager.py:878} INFO - 
================================================================================
DAG File Processing Stats

File Path                              PID    Runtime      # DAGs    # Errors  Last Runtime    Last Run
-------------------------------------  -----  ---------  --------  ----------  --------------  -------------------
/opt/airflow/dags/pokemon_pipeline.py                           1           0  0.19s           2026-03-31T15:37:15
================================================================================
[2026-03-31T15:38:15.251+0000] {manager.py:878} INFO - 
================================================================================
DAG File Processing Stats

File Path                              PID    Runtime      # DAGs    # Errors  Last Runtime    Last Run
-------------------------------------  -----  ---------  --------  ----------  --------------  -------------------
/opt/airflow/dags/pokemon_pipeline.py                           1           0  0.17s           2026-03-31T15:37:45
================================================================================
[2026-03-31T15:38:45.630+0000] {manager.py:878} INFO - 
================================================================================
DAG File Processing Stats

File Path                              PID    Runtime      # DAGs    # Errors  Last Runtime    Last Run
-------------------------------------  -----  ---------  --------  ----------  --------------  -------------------
/opt/airflow/dags/pokemon_pipeline.py                           1           0  0.23s           2026-03-31T15:38:16
================================================================================
[2026-03-31T15:39:16.097+0000] {manager.py:878} INFO - 
================================================================================
DAG File Processing Stats

File Path                              PID    Runtime      # DAGs    # Errors  Last Runtime    Last Run
-------------------------------------  -----  ---------  --------  ----------  --------------  -------------------
/opt/airflow/dags/pokemon_pipeline.py                           1           0  0.27s           2026-03-31T15:38:46
================================================================================
[2026-03-31T15:39:46.401+0000] {manager.py:878} INFO - 
================================================================================
DAG File Processing Stats

File Path                              PID    Runtime      # DAGs    # Errors  Last Runtime    Last Run
-------------------------------------  -----  ---------  --------  ----------  --------------  -------------------
/opt/airflow/dags/pokemon_pipeline.py                           1           0  0.27s           2026-03-31T15:39:17
================================================================================
[2026-03-31T15:40:16.707+0000] {manager.py:878} INFO - 
================================================================================
DAG File Processing Stats

File Path                              PID    Runtime      # DAGs    # Errors  Last Runtime    Last Run
-------------------------------------  -----  ---------  --------  ----------  --------------  -------------------
/opt/airflow/dags/pokemon_pipeline.py                           1           0  0.19s           2026-03-31T15:39:47
================================================================================
[2026-03-31T15:40:47.120+0000] {manager.py:878} INFO - 
================================================================================
DAG File Processing Stats

File Path                              PID    Runtime      # DAGs    # Errors  Last Runtime    Last Run
-------------------------------------  -----  ---------  --------  ----------  --------------  -------------------
/opt/airflow/dags/pokemon_pipeline.py                           1           0  0.37s           2026-03-31T15:40:18
================================================================================
[2026-03-31T15:41:13.609+0000] {manager.py:737} INFO - Searching for files in /opt/airflow/dags
[2026-03-31T15:41:13.829+0000] {manager.py:740} INFO - There are 1 files in /opt/airflow/dags
[2026-03-31T15:41:17.908+0000] {manager.py:878} INFO - 
================================================================================
DAG File Processing Stats

File Path                              PID    Runtime      # DAGs    # Errors  Last Runtime    Last Run
-------------------------------------  -----  ---------  --------  ----------  --------------  -------------------
/opt/airflow/dags/pokemon_pipeline.py                           1           0  0.20s           2026-03-31T15:40:48
================================================================================
[2026-03-31T15:41:48.182+0000] {manager.py:878} INFO - 
================================================================================
DAG File Processing Stats

File Path                              PID    Runtime      # DAGs    # Errors  Last Runtime    Last Run
-------------------------------------  -----  ---------  --------  ----------  --------------  -------------------
/opt/airflow/dags/pokemon_pipeline.py                           1           0  0.26s           2026-03-31T15:41:19
================================================================================
[2026-03-31T15:42:18.671+0000] {manager.py:878} INFO - 
================================================================================
DAG File Processing Stats

File Path                              PID    Runtime      # DAGs    # Errors  Last Runtime    Last Run
-------------------------------------  -----  ---------  --------  ----------  --------------  -------------------
/opt/airflow/dags/pokemon_pipeline.py                           1           0  0.23s           2026-03-31T15:41:49
================================================================================
[2026-03-31T15:42:49.134+0000] {manager.py:878} INFO - 
================================================================================
DAG File Processing Stats

File Path                              PID    Runtime      # DAGs    # Errors  Last Runtime    Last Run
-------------------------------------  -----  ---------  --------  ----------  --------------  -------------------
/opt/airflow/dags/pokemon_pipeline.py                           1           0  0.17s           2026-03-31T15:42:20
================================================================================
[2026-03-31T15:43:19.538+0000] {manager.py:878} INFO - 
================================================================================
DAG File Processing Stats

File Path                              PID    Runtime      # DAGs    # Errors  Last Runtime    Last Run
-------------------------------------  -----  ---------  --------  ----------  --------------  -------------------
/opt/airflow/dags/pokemon_pipeline.py                           1           0  0.28s           2026-03-31T15:42:50
================================================================================
[2026-03-31T15:43:49.765+0000] {manager.py:878} INFO - 
================================================================================
DAG File Processing Stats

File Path                              PID    Runtime      # DAGs    # Errors  Last Runtime    Last Run
-------------------------------------  -----  ---------  --------  ----------  --------------  -------------------
/opt/airflow/dags/pokemon_pipeline.py                           1           0  0.15s           2026-03-31T15:43:20
================================================================================
[2026-03-31T15:44:20.160+0000] {manager.py:878} INFO - 
================================================================================
DAG File Processing Stats

File Path                              PID    Runtime      # DAGs    # Errors  Last Runtime    Last Run
-------------------------------------  -----  ---------  --------  ----------  --------------  -------------------
/opt/airflow/dags/pokemon_pipeline.py                           1           0  0.15s           2026-03-31T15:43:50
================================================================================
[2026-03-31T15:44:50.467+0000] {manager.py:878} INFO - 
================================================================================
DAG File Processing Stats

File Path                              PID    Runtime      # DAGs    # Errors  Last Runtime    Last Run
-------------------------------------  -----  ---------  --------  ----------  --------------  -------------------
/opt/airflow/dags/pokemon_pipeline.py                           1           0  0.16s           2026-03-31T15:44:21
================================================================================
[2026-03-31T15:45:20.830+0000] {manager.py:878} INFO - 
================================================================================
DAG File Processing Stats

File Path                              PID    Runtime      # DAGs    # Errors  Last Runtime    Last Run
-------------------------------------  -----  ---------  --------  ----------  --------------  -------------------
/opt/airflow/dags/pokemon_pipeline.py                           1           0  0.16s           2026-03-31T15:44:51
================================================================================
[2026-03-31T15:45:51.099+0000] {manager.py:878} INFO - 
================================================================================
DAG File Processing Stats

File Path                              PID    Runtime      # DAGs    # Errors  Last Runtime    Last Run
-------------------------------------  -----  ---------  --------  ----------  --------------  -------------------
/opt/airflow/dags/pokemon_pipeline.py                           1           0  0.17s           2026-03-31T15:45:22
================================================================================
[2026-03-31T15:46:14.430+0000] {manager.py:737} INFO - Searching for files in /opt/airflow/dags
[2026-03-31T15:46:14.465+0000] {manager.py:740} INFO - There are 1 files in /opt/airflow/dags
[2026-03-31T15:46:21.545+0000] {manager.py:878} INFO - 
================================================================================
DAG File Processing Stats

File Path                              PID    Runtime      # DAGs    # Errors  Last Runtime    Last Run
-------------------------------------  -----  ---------  --------  ----------  --------------  -------------------
/opt/airflow/dags/pokemon_pipeline.py                           1           0  0.19s           2026-03-31T15:45:52
================================================================================
[2026-03-31T15:46:51.907+0000] {manager.py:878} INFO - 
================================================================================
DAG File Processing Stats

File Path                              PID    Runtime      # DAGs    # Errors  Last Runtime    Last Run
-------------------------------------  -----  ---------  --------  ----------  --------------  -------------------
/opt/airflow/dags/pokemon_pipeline.py                           1           0  0.29s           2026-03-31T15:46:22
================================================================================
